INFO:root:Initializing world...
INFO:root:Updating world...
INFO:root:Size: 19
INFO:root:Moving...
INFO:root:Updating world...
INFO:root:Size: 18
INFO:root:Updating world...
INFO:root:Size: 17
INFO:root:Updating world...
INFO:root:Size: 16
INFO:root:Moving...
INFO:root:Updating world...
INFO:root:Size: 15
INFO:root:Moving...
INFO:root:Updating world...
INFO:root:Size: 14
INFO:root:Updating world...
INFO:root:Size: 13
INFO:root:Moving...
INFO:root:Updating world...
INFO:root:Size: 12
INFO:root:Moving...
INFO:root:Updating world...
INFO:root:Size: 11
INFO:root:Moving...
INFO:root:Updating world...
INFO:root:Size: 10
INFO:root:Moving...
INFO:root:Updating world...
INFO:root:Size: 9
INFO:root:Moving...
INFO:root:Updating world...
INFO:root:Size: 8
INFO:root:Moving...
INFO:root:Updating world...
INFO:root:Size: 7
INFO:root:Updating world...
INFO:root:Size: 6
INFO:root:Moving...
INFO:root:Updating world...
INFO:root:Size: 5
INFO:root:Moving...
INFO:root:Updating world...
INFO:root:Size: 4
INFO:root:Moving...
INFO:root:Updating world...
INFO:root:Size: 3
INFO:root:Moving...
INFO:root:Updating world...
INFO:root:Size: 2
INFO:root:Moving...
INFO:root:Updating world...
INFO:root:Size: 1
INFO:root:Moving...
INFO:root:Updating world...
INFO:root:Initializing world...
INFO:root:Updating world...
INFO:root:Size: 19
INFO:root:Moving...
INFO:root:Updating world...
INFO:root:Size: 18
INFO:root:Moving...
INFO:root:Updating world...
INFO:root:Size: 17
INFO:root:Moving...
INFO:root:Updating world...
INFO:root:Size: 16
INFO:root:Moving...
INFO:root:Updating world...
INFO:root:Size: 15
INFO:root:Moving...
INFO:root:Updating world...
INFO:root:Size: 14
INFO:root:Eating... (size: 20)
INFO:root:Updating world...
INFO:root:Size: 19
INFO:root:Moving...
INFO:root:Updating world...
INFO:root:Size: 18
INFO:root:Updating world...
INFO:root:Size: 17
INFO:root:Moving...
INFO:root:Updating world...
INFO:root:Size: 16
INFO:root:Moving...
INFO:root:Updating world...
INFO:root:Size: 15
INFO:root:Updating world...
INFO:root:Size: 14
INFO:root:Moving...
INFO:root:Updating world...
INFO:root:Size: 13
INFO:root:Moving...
INFO:root:Updating world...
INFO:root:Size: 12
INFO:root:Updating world...
INFO:root:Size: 11
INFO:root:Moving...
INFO:root:Updating world...
INFO:root:Size: 10
INFO:root:Updating world...
INFO:root:Size: 9
INFO:root:Moving...
INFO:root:Updating world...
INFO:root:Size: 8
INFO:root:Moving...
INFO:root:Updating world...
INFO:root:Size: 7
INFO:root:Moving...
INFO:root:Updating world...
INFO:root:Size: 6
INFO:root:Moving...
INFO:root:Updating world...
INFO:root:Size: 5
INFO:root:Moving...
INFO:root:Updating world...
INFO:root:Size: 4
INFO:root:Updating world...
INFO:root:Size: 3
INFO:root:Moving...
INFO:root:Updating world...
INFO:root:Size: 2
INFO:root:Moving...
INFO:root:Updating world...
INFO:root:Size: 1
INFO:root:Moving...
INFO:root:Updating world...
INFO:root:Initializing world...
INFO:root:Updating world...
INFO:root:Size: 19
INFO:root:Moving...
INFO:root:Updating world...
INFO:root:Size: 18
INFO:root:Moving...
INFO:root:Updating world...
INFO:root:Size: 17
INFO:root:Eating... (size: 20)
INFO:root:Updating world...
INFO:root:Size: 19
INFO:root:Moving...
INFO:root:Updating world...
INFO:root:Size: 18
INFO:root:Moving...
INFO:root:Updating world...
INFO:root:Size: 17
INFO:root:Moving...
INFO:root:Updating world...
INFO:root:Size: 16
INFO:root:Moving...
INFO:root:Updating world...
INFO:root:Size: 15
INFO:root:Moving...
INFO:root:Updating world...
INFO:root:Size: 14
INFO:root:Updating world...
INFO:root:Size: 13
INFO:root:Moving...
INFO:root:Updating world...
INFO:root:Size: 12
INFO:root:Moving...
INFO:root:Updating world...
INFO:root:Size: 11
INFO:root:Moving...
INFO:root:Updating world...
INFO:root:Size: 10
INFO:root:Moving...
INFO:root:Updating world...
INFO:root:Size: 9
INFO:root:Moving...
INFO:root:Updating world...
INFO:root:Size: 8
INFO:root:Moving...
INFO:root:Updating world...
INFO:root:Size: 7
INFO:root:Moving...
INFO:root:Updating world...
INFO:root:Size: 6
INFO:root:Moving...
INFO:root:Updating world...
INFO:root:Size: 5
INFO:root:Updating world...
INFO:root:Size: 4
INFO:root:Moving...
INFO:root:Updating world...
INFO:root:Size: 3
INFO:root:Updating world...
INFO:root:Size: 2
INFO:root:Updating world...
INFO:root:Size: 1
INFO:root:Updating world...
INFO:root:Initializing world...
INFO:root:Updating world...
INFO:root:Size: 19
INFO:root:Moving...
INFO:root:Updating world...
INFO:root:Size: 18
INFO:root:Moving...
INFO:root:Updating world...
INFO:root:Size: 17
INFO:root:Moving...
INFO:root:Updating world...
INFO:root:Size: 16
INFO:root:Updating world...
INFO:root:Size: 15
INFO:root:Moving...
INFO:root:Updating world...
INFO:root:Size: 14
INFO:root:Moving...
INFO:root:Updating world...
INFO:root:Size: 13
INFO:root:Moving...
INFO:root:Updating world...
INFO:root:Size: 12
INFO:root:Moving...
INFO:root:Updating world...
INFO:root:Size: 11
INFO:root:Moving...
INFO:root:Updating world...
INFO:root:Size: 10
INFO:root:Updating world...
INFO:root:Size: 9
INFO:root:Moving...
INFO:root:Updating world...
INFO:root:Size: 8
INFO:root:Moving...
INFO:root:Updating world...
INFO:root:Size: 7
INFO:root:Moving...
INFO:root:Updating world...
INFO:root:Size: 6
INFO:root:Updating world...
INFO:root:Size: 5
INFO:root:Moving...
INFO:root:Updating world...
INFO:root:Size: 4
INFO:root:Moving...
INFO:root:Updating world...
INFO:root:Size: 3
INFO:root:Moving...
INFO:root:Updating world...
INFO:root:Size: 2
INFO:root:Updating world...
INFO:root:Size: 1
INFO:root:Moving...
INFO:root:Updating world...
INFO:root:Quitting...
